2025-05-30 20:53:33,450 [INFO] Loaded 5 models from ./model_paths_A.txt
2025-05-30 20:53:33,450 [INFO] Generating predictions for ./datasets/A/test.json.gz
2025-05-30 20:53:51,932 [INFO] Model weights for ensemble:
2025-05-30 20:53:51,932 [INFO] Model: model_A_cycle_1_epoch_3_loss_0.960_f1_0.728.pth
2025-05-30 20:53:51,932 [INFO] - Loss: 0.7276
2025-05-30 20:53:51,932 [INFO] - Weight: 0.1991
2025-05-30 20:53:51,932 [INFO] Model: model_A_cycle_2_epoch_3_loss_0.957_f1_0.732.pth
2025-05-30 20:53:51,932 [INFO] - Loss: 0.7323
2025-05-30 20:53:51,932 [INFO] - Weight: 0.2000
2025-05-30 20:53:51,932 [INFO] Model: model_A_cycle_3_epoch_2_loss_0.914_f1_0.739.pth
2025-05-30 20:53:51,932 [INFO] - Loss: 0.7393
2025-05-30 20:53:51,932 [INFO] - Weight: 0.2014
2025-05-30 20:53:51,932 [INFO] Model: model_A_cycle_4_epoch_2_loss_0.934_f1_0.726.pth
2025-05-30 20:53:51,932 [INFO] - Loss: 0.7262
2025-05-30 20:53:51,932 [INFO] - Weight: 0.1988
2025-05-30 20:53:51,932 [INFO] Model: model_A_cycle_5_epoch_1_loss_0.915_f1_0.735.pth
2025-05-30 20:53:51,932 [INFO] - Loss: 0.7354
2025-05-30 20:53:51,932 [INFO] - Weight: 0.2007
2025-05-30 20:53:51,935 [INFO] 
Ensemble prediction statistics:
2025-05-30 20:53:51,935 [INFO] Class 0: 142 samples
2025-05-30 20:53:51,935 [INFO] Class 1: 320 samples
2025-05-30 20:53:51,935 [INFO] Class 2: 1012 samples
2025-05-30 20:53:51,935 [INFO] Class 3: 184 samples
2025-05-30 20:53:51,935 [INFO] Class 4: 649 samples
2025-05-30 20:53:51,935 [INFO] Class 5: 33 samples
2025-05-30 20:53:51,935 [INFO] Average confidence: 0.9129
2025-05-30 20:53:51,935 [INFO] Min confidence: 0.3979
2025-05-30 20:53:51,935 [INFO] Max confidence: 1.0000
2025-05-30 20:53:51,943 [INFO] Saved predictions to submission/testset_A.csv
