2025-05-31 13:11:24,472 [INFO] Starting training using ./datasets/C/train.json.gz
2025-05-31 13:11:59,630 [INFO] Loaded 3 pretrained models from model_paths_ABCD.txt
2025-05-31 13:11:59,630 [INFO] 
Starting cycle 1 with seed 1
2025-05-31 13:12:20,840 [INFO] 
Starting training cycle 1
2025-05-31 13:12:20,971 [INFO] Loaded pretrained model: checkpoints/model_ABCD_cycle_1_epoch_780_loss_0.713_f1_0.756.pth
2025-05-31 13:12:26,130 [INFO] New best model saved: checkpoints/model_C_cycle_1_epoch_0_loss_0.659_f1_0.792.pth
2025-05-31 13:12:26,130 [INFO] Best validation metrics - Loss: 0.6591, F1: 0.7919
2025-05-31 13:12:31,101 [INFO] New best model saved: checkpoints/model_C_cycle_1_epoch_1_loss_0.632_f1_0.807.pth
2025-05-31 13:12:31,101 [INFO] Best validation metrics - Loss: 0.6319, F1: 0.8069
2025-05-31 13:12:50,776 [INFO] New best model saved: checkpoints/model_C_cycle_1_epoch_5_loss_0.564_f1_0.808.pth
2025-05-31 13:12:50,776 [INFO] Best validation metrics - Loss: 0.5638, F1: 0.8080
2025-05-31 13:12:55,610 [INFO] New best model saved: checkpoints/model_C_cycle_1_epoch_6_loss_0.536_f1_0.813.pth
2025-05-31 13:12:55,610 [INFO] Best validation metrics - Loss: 0.5364, F1: 0.8125
2025-05-31 13:13:05,278 [INFO] Warm-up epochs finished
2025-05-31 13:13:10,016 [INFO] Cycle 1, Epoch 10, LR 5.000e-05, Train Loss: 0.6211, Val Loss: 0.5421, Val F1: 0.8039
2025-05-31 13:13:29,058 [INFO] New best model saved: checkpoints/model_C_cycle_1_epoch_13_loss_0.530_f1_0.815.pth
2025-05-31 13:13:29,058 [INFO] Best validation metrics - Loss: 0.5296, F1: 0.8148
2025-05-31 13:13:58,332 [INFO] Cycle 1, Epoch 20, LR 5.000e-05, Train Loss: 0.5512, Val Loss: 0.5106, Val F1: 0.8198
2025-05-31 13:13:58,335 [INFO] New best model saved: checkpoints/model_C_cycle_1_epoch_19_loss_0.511_f1_0.820.pth
2025-05-31 13:13:58,335 [INFO] Best validation metrics - Loss: 0.5106, F1: 0.8198
2025-05-31 13:14:47,073 [INFO] Cycle 1, Epoch 30, LR 5.000e-05, Train Loss: 0.5216, Val Loss: 0.5012, Val F1: 0.8268
2025-05-31 13:14:47,076 [INFO] New best model saved: checkpoints/model_C_cycle_1_epoch_29_loss_0.501_f1_0.827.pth
2025-05-31 13:14:47,076 [INFO] Best validation metrics - Loss: 0.5012, F1: 0.8268
2025-05-31 13:15:35,934 [INFO] Cycle 1, Epoch 40, LR 5.000e-05, Train Loss: 0.4976, Val Loss: 0.4985, Val F1: 0.8088
2025-05-31 13:15:40,828 [INFO] Reloading best model: checkpoints/model_C_cycle_1_epoch_29_loss_0.501_f1_0.827.pth
2025-05-31 13:16:24,590 [INFO] Cycle 1, Epoch 50, LR 3.500e-05, Train Loss: 0.4970, Val Loss: 0.4979, Val F1: 0.8121
2025-05-31 13:16:29,452 [INFO] Reloading best model: checkpoints/model_C_cycle_1_epoch_29_loss_0.501_f1_0.827.pth
2025-05-31 13:16:29,452 [INFO] Early stopping triggered at epoch 50
2025-05-31 13:16:29,452 [INFO] Cycle 1 completed:
2025-05-31 13:16:29,452 [INFO] - Final validation loss: 0.5012
2025-05-31 13:16:29,452 [INFO] - Final F1 score: 0.8268
2025-05-31 13:16:29,452 [INFO] 
Starting cycle 2 with seed 2
2025-05-31 13:16:44,567 [INFO] 
Starting training cycle 2
2025-05-31 13:16:44,597 [INFO] Loaded pretrained model: checkpoints/model_ABCD_cycle_2_epoch_919_loss_0.697_f1_0.764.pth
2025-05-31 13:16:49,613 [INFO] New best model saved: checkpoints/model_C_cycle_2_epoch_0_loss_0.624_f1_0.797.pth
2025-05-31 13:16:49,613 [INFO] Best validation metrics - Loss: 0.6240, F1: 0.7970
2025-05-31 13:16:54,625 [INFO] New best model saved: checkpoints/model_C_cycle_2_epoch_1_loss_0.606_f1_0.807.pth
2025-05-31 13:16:54,625 [INFO] Best validation metrics - Loss: 0.6055, F1: 0.8073
2025-05-31 13:16:59,646 [INFO] New best model saved: checkpoints/model_C_cycle_2_epoch_2_loss_0.561_f1_0.819.pth
2025-05-31 13:16:59,646 [INFO] Best validation metrics - Loss: 0.5611, F1: 0.8191
2025-05-31 13:17:14,482 [INFO] New best model saved: checkpoints/model_C_cycle_2_epoch_5_loss_0.524_f1_0.824.pth
2025-05-31 13:17:14,482 [INFO] Best validation metrics - Loss: 0.5236, F1: 0.8243
2025-05-31 13:17:19,381 [INFO] New best model saved: checkpoints/model_C_cycle_2_epoch_6_loss_0.505_f1_0.832.pth
2025-05-31 13:17:19,381 [INFO] Best validation metrics - Loss: 0.5050, F1: 0.8319
2025-05-31 13:17:29,185 [INFO] Warm-up epochs finished
2025-05-31 13:17:34,092 [INFO] Cycle 2, Epoch 10, LR 5.000e-05, Train Loss: 0.6054, Val Loss: 0.5289, Val F1: 0.8159
2025-05-31 13:17:53,701 [INFO] New best model saved: checkpoints/model_C_cycle_2_epoch_13_loss_0.478_f1_0.833.pth
2025-05-31 13:17:53,701 [INFO] Best validation metrics - Loss: 0.4781, F1: 0.8329
2025-05-31 13:18:23,000 [INFO] Cycle 2, Epoch 20, LR 5.000e-05, Train Loss: 0.5370, Val Loss: 0.4911, Val F1: 0.8249
2025-05-31 13:19:12,440 [INFO] Cycle 2, Epoch 30, LR 3.500e-05, Train Loss: 0.5016, Val Loss: 0.4833, Val F1: 0.8236
2025-05-31 13:19:17,529 [INFO] Reloading best model: checkpoints/model_C_cycle_2_epoch_13_loss_0.478_f1_0.833.pth
2025-05-31 13:19:37,873 [INFO] Early stopping triggered at epoch 34
2025-05-31 13:19:37,873 [INFO] Cycle 2 completed:
2025-05-31 13:19:37,873 [INFO] - Final validation loss: 0.4781
2025-05-31 13:19:37,873 [INFO] - Final F1 score: 0.8329
2025-05-31 13:19:37,874 [INFO] 
Starting cycle 3 with seed 3
2025-05-31 13:19:52,595 [INFO] 
Starting training cycle 3
2025-05-31 13:19:52,604 [INFO] Loaded pretrained model: checkpoints/model_ABCD_cycle_3_epoch_999_loss_0.677_f1_0.772.pth
2025-05-31 13:19:57,585 [INFO] New best model saved: checkpoints/model_C_cycle_3_epoch_0_loss_0.601_f1_0.815.pth
2025-05-31 13:19:57,585 [INFO] Best validation metrics - Loss: 0.6013, F1: 0.8146
2025-05-31 13:20:07,946 [INFO] New best model saved: checkpoints/model_C_cycle_3_epoch_2_loss_0.549_f1_0.821.pth
2025-05-31 13:20:07,946 [INFO] Best validation metrics - Loss: 0.5488, F1: 0.8208
2025-05-31 13:20:13,040 [INFO] New best model saved: checkpoints/model_C_cycle_3_epoch_3_loss_0.523_f1_0.824.pth
2025-05-31 13:20:13,040 [INFO] Best validation metrics - Loss: 0.5226, F1: 0.8238
2025-05-31 13:20:17,995 [INFO] New best model saved: checkpoints/model_C_cycle_3_epoch_4_loss_0.513_f1_0.830.pth
2025-05-31 13:20:17,995 [INFO] Best validation metrics - Loss: 0.5133, F1: 0.8295
2025-05-31 13:20:22,949 [INFO] New best model saved: checkpoints/model_C_cycle_3_epoch_5_loss_0.487_f1_0.834.pth
2025-05-31 13:20:22,949 [INFO] Best validation metrics - Loss: 0.4873, F1: 0.8338
2025-05-31 13:20:37,998 [INFO] Warm-up epochs finished
2025-05-31 13:20:43,031 [INFO] Cycle 3, Epoch 10, LR 5.000e-05, Train Loss: 0.5955, Val Loss: 0.4747, Val F1: 0.8272
2025-05-31 13:21:24,327 [INFO] New best model saved: checkpoints/model_C_cycle_3_epoch_18_loss_0.452_f1_0.838.pth
2025-05-31 13:21:24,327 [INFO] Best validation metrics - Loss: 0.4521, F1: 0.8384
2025-05-31 13:21:28,691 [INFO] Cycle 3, Epoch 20, LR 5.000e-05, Train Loss: 0.5260, Val Loss: 0.4874, Val F1: 0.8266
2025-05-31 13:22:15,445 [INFO] Cycle 3, Epoch 30, LR 5.000e-05, Train Loss: 0.4903, Val Loss: 0.4694, Val F1: 0.8305
2025-05-31 13:22:19,841 [INFO] Reloading best model: checkpoints/model_C_cycle_3_epoch_18_loss_0.452_f1_0.838.pth
2025-05-31 13:22:59,990 [INFO] Cycle 3, Epoch 40, LR 3.500e-05, Train Loss: 0.4777, Val Loss: 0.4717, Val F1: 0.8308
2025-05-31 13:22:59,990 [INFO] Early stopping triggered at epoch 39
2025-05-31 13:22:59,991 [INFO] Cycle 3 completed:
2025-05-31 13:22:59,991 [INFO] - Final validation loss: 0.4521
2025-05-31 13:22:59,991 [INFO] - Final F1 score: 0.8384
2025-05-31 13:22:59,991 [INFO] 
Starting cycle 4 with seed 4
2025-05-31 13:23:14,502 [INFO] 
Starting training cycle 4
2025-05-31 13:23:14,530 [INFO] Loaded pretrained model: checkpoints/model_ABCD_cycle_1_epoch_780_loss_0.713_f1_0.756.pth
2025-05-31 13:23:18,947 [INFO] New best model saved: checkpoints/model_C_cycle_4_epoch_0_loss_0.635_f1_0.807.pth
2025-05-31 13:23:18,947 [INFO] Best validation metrics - Loss: 0.6349, F1: 0.8071
2025-05-31 13:23:32,172 [INFO] New best model saved: checkpoints/model_C_cycle_4_epoch_3_loss_0.564_f1_0.817.pth
2025-05-31 13:23:32,172 [INFO] Best validation metrics - Loss: 0.5640, F1: 0.8166
2025-05-31 13:23:54,324 [INFO] Warm-up epochs finished
2025-05-31 13:23:58,767 [INFO] Cycle 4, Epoch 10, LR 5.000e-05, Train Loss: 0.6263, Val Loss: 0.5789, Val F1: 0.7994
2025-05-31 13:24:17,078 [INFO] New best model saved: checkpoints/model_C_cycle_4_epoch_13_loss_0.495_f1_0.821.pth
2025-05-31 13:24:17,078 [INFO] Best validation metrics - Loss: 0.4953, F1: 0.8208
2025-05-31 13:24:43,694 [INFO] Cycle 4, Epoch 20, LR 5.000e-05, Train Loss: 0.5594, Val Loss: 0.5037, Val F1: 0.8087
2025-05-31 13:25:01,554 [INFO] New best model saved: checkpoints/model_C_cycle_4_epoch_23_loss_0.481_f1_0.823.pth
2025-05-31 13:25:01,555 [INFO] Best validation metrics - Loss: 0.4810, F1: 0.8225
2025-05-31 13:25:29,593 [INFO] Cycle 4, Epoch 30, LR 5.000e-05, Train Loss: 0.5217, Val Loss: 0.5264, Val F1: 0.8180
2025-05-31 13:25:34,282 [INFO] New best model saved: checkpoints/model_C_cycle_4_epoch_30_loss_0.481_f1_0.827.pth
2025-05-31 13:25:34,282 [INFO] Best validation metrics - Loss: 0.4805, F1: 0.8274
2025-05-31 13:26:14,691 [INFO] Cycle 4, Epoch 40, LR 5.000e-05, Train Loss: 0.5018, Val Loss: 0.4956, Val F1: 0.8210
2025-05-31 13:27:00,175 [INFO] Cycle 4, Epoch 50, LR 3.500e-05, Train Loss: 0.4741, Val Loss: 0.4677, Val F1: 0.8238
2025-05-31 13:27:04,646 [INFO] Reloading best model: checkpoints/model_C_cycle_4_epoch_30_loss_0.481_f1_0.827.pth
2025-05-31 13:27:09,044 [INFO] Early stopping triggered at epoch 51
2025-05-31 13:27:09,045 [INFO] Cycle 4 completed:
2025-05-31 13:27:09,045 [INFO] - Final validation loss: 0.4805
2025-05-31 13:27:09,045 [INFO] - Final F1 score: 0.8274
2025-05-31 13:27:09,045 [INFO] 
Starting cycle 5 with seed 5
2025-05-31 13:27:23,850 [INFO] 
Starting training cycle 5
2025-05-31 13:27:23,860 [INFO] Loaded pretrained model: checkpoints/model_ABCD_cycle_2_epoch_919_loss_0.697_f1_0.764.pth
2025-05-31 13:27:28,249 [INFO] New best model saved: checkpoints/model_C_cycle_5_epoch_0_loss_0.594_f1_0.816.pth
2025-05-31 13:27:28,250 [INFO] Best validation metrics - Loss: 0.5940, F1: 0.8162
2025-05-31 13:27:32,668 [INFO] New best model saved: checkpoints/model_C_cycle_5_epoch_1_loss_0.570_f1_0.817.pth
2025-05-31 13:27:32,668 [INFO] Best validation metrics - Loss: 0.5698, F1: 0.8169
2025-05-31 13:27:37,309 [INFO] New best model saved: checkpoints/model_C_cycle_5_epoch_2_loss_0.538_f1_0.820.pth
2025-05-31 13:27:37,309 [INFO] Best validation metrics - Loss: 0.5381, F1: 0.8198
2025-05-31 13:27:46,185 [INFO] New best model saved: checkpoints/model_C_cycle_5_epoch_4_loss_0.500_f1_0.830.pth
2025-05-31 13:27:46,185 [INFO] Best validation metrics - Loss: 0.4996, F1: 0.8300
2025-05-31 13:27:50,548 [INFO] New best model saved: checkpoints/model_C_cycle_5_epoch_5_loss_0.487_f1_0.833.pth
2025-05-31 13:27:50,548 [INFO] Best validation metrics - Loss: 0.4873, F1: 0.8329
2025-05-31 13:28:03,768 [INFO] Warm-up epochs finished
2025-05-31 13:28:08,133 [INFO] Cycle 5, Epoch 10, LR 5.000e-05, Train Loss: 0.6214, Val Loss: 0.4906, Val F1: 0.8233
2025-05-31 13:28:53,216 [INFO] Cycle 5, Epoch 20, LR 5.000e-05, Train Loss: 0.5333, Val Loss: 0.4427, Val F1: 0.8325
2025-05-31 13:28:57,570 [INFO] New best model saved: checkpoints/model_C_cycle_5_epoch_20_loss_0.448_f1_0.835.pth
2025-05-31 13:28:57,570 [INFO] Best validation metrics - Loss: 0.4480, F1: 0.8355
2025-05-31 13:29:06,347 [INFO] New best model saved: checkpoints/model_C_cycle_5_epoch_22_loss_0.474_f1_0.840.pth
2025-05-31 13:29:06,347 [INFO] Best validation metrics - Loss: 0.4741, F1: 0.8403
2025-05-31 13:29:38,121 [INFO] Cycle 5, Epoch 30, LR 5.000e-05, Train Loss: 0.5130, Val Loss: 0.4469, Val F1: 0.8398
2025-05-31 13:30:22,530 [INFO] Cycle 5, Epoch 40, LR 3.500e-05, Train Loss: 0.4758, Val Loss: 0.4547, Val F1: 0.8221
2025-05-31 13:30:27,027 [INFO] Reloading best model: checkpoints/model_C_cycle_5_epoch_22_loss_0.474_f1_0.840.pth
2025-05-31 13:30:41,138 [INFO] Early stopping triggered at epoch 43
2025-05-31 13:30:41,138 [INFO] Cycle 5 completed:
2025-05-31 13:30:41,139 [INFO] - Final validation loss: 0.4741
2025-05-31 13:30:41,139 [INFO] - Final F1 score: 0.8403
2025-05-31 13:30:41,139 [INFO] Saved paths of the best models to model_paths_C.txt
