2025-05-31 18:04:26,304 [INFO] Loaded 5 models from model_paths_A.txt
2025-05-31 18:04:26,304 [INFO] Generating predictions for ./datasets/A/test.json.gz
2025-05-31 18:04:44,894 [INFO] Model weights for ensemble:
2025-05-31 18:04:44,895 [INFO] Model: model_A_cycle_1_epoch_3_loss_2.662_f1_0.746.pth
2025-05-31 18:04:44,895 [INFO] - Loss: 0.7457
2025-05-31 18:04:44,895 [INFO] - Weight: 0.2008
2025-05-31 18:04:44,895 [INFO] Model: model_A_cycle_2_epoch_0_loss_2.699_f1_0.745.pth
2025-05-31 18:04:44,895 [INFO] - Loss: 0.7450
2025-05-31 18:04:44,895 [INFO] - Weight: 0.2007
2025-05-31 18:04:44,895 [INFO] Model: model_A_cycle_3_epoch_2_loss_2.695_f1_0.731.pth
2025-05-31 18:04:44,895 [INFO] - Loss: 0.7309
2025-05-31 18:04:44,895 [INFO] - Weight: 0.1979
2025-05-31 18:04:44,895 [INFO] Model: model_A_cycle_4_epoch_2_loss_2.738_f1_0.741.pth
2025-05-31 18:04:44,895 [INFO] - Loss: 0.7405
2025-05-31 18:04:44,895 [INFO] - Weight: 0.1998
2025-05-31 18:04:44,895 [INFO] Model: model_A_cycle_5_epoch_15_loss_2.563_f1_0.746.pth
2025-05-31 18:04:44,895 [INFO] - Loss: 0.7463
2025-05-31 18:04:44,895 [INFO] - Weight: 0.2009
2025-05-31 18:04:44,897 [INFO] 
Ensemble prediction statistics:
2025-05-31 18:04:44,898 [INFO] Class 0: 168 samples
2025-05-31 18:04:44,898 [INFO] Class 1: 304 samples
2025-05-31 18:04:44,898 [INFO] Class 2: 1023 samples
2025-05-31 18:04:44,898 [INFO] Class 3: 176 samples
2025-05-31 18:04:44,898 [INFO] Class 4: 659 samples
2025-05-31 18:04:44,898 [INFO] Class 5: 10 samples
2025-05-31 18:04:44,898 [INFO] Average confidence: 0.9491
2025-05-31 18:04:44,898 [INFO] Min confidence: 0.3985
2025-05-31 18:04:44,898 [INFO] Max confidence: 1.0000
2025-05-31 18:04:44,906 [INFO] Saved predictions to submission/testset_A.csv
