2025-05-30 17:58:30,399 [INFO] Loaded 5 models from model_paths_A.txt
2025-05-30 17:58:30,400 [INFO] Generating predictions for ./datasets/A/test.json.gz
2025-05-30 17:58:49,031 [INFO] Model weights for ensemble:
2025-05-30 17:58:49,031 [INFO] Model: model_A_cycle_1_epoch_0_loss_2.850_f1_0.729.pth
2025-05-30 17:58:49,031 [INFO] - Loss: 0.7291
2025-05-30 17:58:49,031 [INFO] - Weight: 0.1995
2025-05-30 17:58:49,031 [INFO] Model: model_A_cycle_2_epoch_0_loss_2.925_f1_0.730.pth
2025-05-30 17:58:49,031 [INFO] - Loss: 0.7295
2025-05-30 17:58:49,031 [INFO] - Weight: 0.1996
2025-05-30 17:58:49,031 [INFO] Model: model_A_cycle_3_epoch_0_loss_3.015_f1_0.736.pth
2025-05-30 17:58:49,031 [INFO] - Loss: 0.7362
2025-05-30 17:58:49,031 [INFO] - Weight: 0.2009
2025-05-30 17:58:49,031 [INFO] Model: model_A_cycle_4_epoch_0_loss_2.943_f1_0.728.pth
2025-05-30 17:58:49,031 [INFO] - Loss: 0.7279
2025-05-30 17:58:49,031 [INFO] - Weight: 0.1992
2025-05-30 17:58:49,031 [INFO] Model: model_A_cycle_5_epoch_0_loss_2.900_f1_0.736.pth
2025-05-30 17:58:49,031 [INFO] - Loss: 0.7357
2025-05-30 17:58:49,031 [INFO] - Weight: 0.2008
2025-05-30 17:58:49,034 [INFO] 
Ensemble prediction statistics:
2025-05-30 17:58:49,034 [INFO] Class 0: 137 samples
2025-05-30 17:58:49,034 [INFO] Class 1: 301 samples
2025-05-30 17:58:49,034 [INFO] Class 2: 1032 samples
2025-05-30 17:58:49,034 [INFO] Class 3: 190 samples
2025-05-30 17:58:49,034 [INFO] Class 4: 643 samples
2025-05-30 17:58:49,035 [INFO] Class 5: 37 samples
2025-05-30 17:58:49,035 [INFO] Average confidence: 0.9180
2025-05-30 17:58:49,035 [INFO] Min confidence: 0.4004
2025-05-30 17:58:49,035 [INFO] Max confidence: 1.0000
2025-05-30 17:58:49,043 [INFO] Saved predictions to submission/testset_A.csv
