2025-05-31 18:03:33,307 [INFO] Loaded 5 models from model_paths_D.txt
2025-05-31 18:03:33,307 [INFO] Generating predictions for ./datasets/D/test.json.gz
2025-05-31 18:03:51,776 [INFO] Model weights for ensemble:
2025-05-31 18:03:51,776 [INFO] Model: model_D_cycle_1_epoch_35_loss_1.414_f1_0.782.pth
2025-05-31 18:03:51,776 [INFO] - Loss: 0.7817
2025-05-31 18:03:51,777 [INFO] - Weight: 0.1997
2025-05-31 18:03:51,777 [INFO] Model: model_D_cycle_2_epoch_1_loss_1.370_f1_0.787.pth
2025-05-31 18:03:51,777 [INFO] - Loss: 0.7866
2025-05-31 18:03:51,777 [INFO] - Weight: 0.2007
2025-05-31 18:03:51,777 [INFO] Model: model_D_cycle_3_epoch_1_loss_1.388_f1_0.782.pth
2025-05-31 18:03:51,777 [INFO] - Loss: 0.7824
2025-05-31 18:03:51,777 [INFO] - Weight: 0.1998
2025-05-31 18:03:51,777 [INFO] Model: model_D_cycle_4_epoch_0_loss_3.073_f1_0.785.pth
2025-05-31 18:03:51,777 [INFO] - Loss: 0.7845
2025-05-31 18:03:51,777 [INFO] - Weight: 0.2002
2025-05-31 18:03:51,777 [INFO] Model: model_D_cycle_5_epoch_27_loss_1.425_f1_0.781.pth
2025-05-31 18:03:51,777 [INFO] - Loss: 0.7813
2025-05-31 18:03:51,777 [INFO] - Weight: 0.1996
2025-05-31 18:03:51,779 [INFO] 
Ensemble prediction statistics:
2025-05-31 18:03:51,779 [INFO] Class 0: 182 samples
2025-05-31 18:03:51,779 [INFO] Class 1: 98 samples
2025-05-31 18:03:51,779 [INFO] Class 2: 363 samples
2025-05-31 18:03:51,779 [INFO] Class 3: 201 samples
2025-05-31 18:03:51,779 [INFO] Class 4: 1283 samples
2025-05-31 18:03:51,779 [INFO] Class 5: 123 samples
2025-05-31 18:03:51,779 [INFO] Average confidence: 0.9692
2025-05-31 18:03:51,779 [INFO] Min confidence: 0.4001
2025-05-31 18:03:51,779 [INFO] Max confidence: 1.0000
2025-05-31 18:03:51,795 [INFO] Saved predictions to submission/testset_D.csv
