2025-05-31 18:03:55,017 [INFO] Loaded 5 models from model_paths_C.txt
2025-05-31 18:03:55,017 [INFO] Generating predictions for ./datasets/C/test.json.gz
2025-05-31 18:04:07,518 [INFO] Model weights for ensemble:
2025-05-31 18:04:07,518 [INFO] Model: model_C_cycle_1_epoch_15_loss_1.119_f1_0.858.pth
2025-05-31 18:04:07,518 [INFO] - Loss: 0.8577
2025-05-31 18:04:07,518 [INFO] - Weight: 0.1990
2025-05-31 18:04:07,518 [INFO] Model: model_C_cycle_2_epoch_21_loss_1.114_f1_0.870.pth
2025-05-31 18:04:07,518 [INFO] - Loss: 0.8703
2025-05-31 18:04:07,518 [INFO] - Weight: 0.2015
2025-05-31 18:04:07,518 [INFO] Model: model_C_cycle_3_epoch_23_loss_1.289_f1_0.859.pth
2025-05-31 18:04:07,518 [INFO] - Loss: 0.8594
2025-05-31 18:04:07,518 [INFO] - Weight: 0.1994
2025-05-31 18:04:07,518 [INFO] Model: model_C_cycle_4_epoch_5_loss_1.141_f1_0.861.pth
2025-05-31 18:04:07,518 [INFO] - Loss: 0.8607
2025-05-31 18:04:07,518 [INFO] - Weight: 0.1996
2025-05-31 18:04:07,518 [INFO] Model: model_C_cycle_5_epoch_12_loss_2.614_f1_0.865.pth
2025-05-31 18:04:07,518 [INFO] - Loss: 0.8650
2025-05-31 18:04:07,518 [INFO] - Weight: 0.2005
2025-05-31 18:04:07,520 [INFO] 
Ensemble prediction statistics:
2025-05-31 18:04:07,520 [INFO] Class 0: 88 samples
2025-05-31 18:04:07,520 [INFO] Class 1: 251 samples
2025-05-31 18:04:07,520 [INFO] Class 2: 893 samples
2025-05-31 18:04:07,520 [INFO] Class 3: 85 samples
2025-05-31 18:04:07,520 [INFO] Class 4: 88 samples
2025-05-31 18:04:07,520 [INFO] Class 5: 125 samples
2025-05-31 18:04:07,520 [INFO] Average confidence: 0.9742
2025-05-31 18:04:07,520 [INFO] Min confidence: 0.3998
2025-05-31 18:04:07,520 [INFO] Max confidence: 1.0000
2025-05-31 18:04:07,525 [INFO] Saved predictions to submission/testset_C.csv
