2025-05-30 20:32:46,995 [INFO] Starting training using ./datasets/A/train.json.gz
2025-05-30 20:33:40,278 [INFO] Loaded 3 pretrained models from model_paths_ABCD.txt
2025-05-30 20:33:40,280 [INFO] 
Starting cycle 1 with seed 1
2025-05-30 20:34:13,951 [INFO] 
Starting training cycle 1
2025-05-30 20:34:14,090 [INFO] Loaded pretrained model: checkpoints/model_ABCD_cycle_1_epoch_780_loss_0.713_f1_0.756.pth
2025-05-30 20:34:20,549 [INFO] New best model saved: checkpoints/model_A_cycle_1_epoch_0_loss_0.944_f1_0.721.pth
2025-05-30 20:34:20,549 [INFO] Best validation metrics - Loss: 0.9443, F1: 0.7209
2025-05-30 20:34:26,829 [INFO] New best model saved: checkpoints/model_A_cycle_1_epoch_1_loss_0.935_f1_0.724.pth
2025-05-30 20:34:26,830 [INFO] Best validation metrics - Loss: 0.9355, F1: 0.7245
2025-05-30 20:34:33,119 [INFO] New best model saved: checkpoints/model_A_cycle_1_epoch_2_loss_0.941_f1_0.726.pth
2025-05-30 20:34:33,119 [INFO] Best validation metrics - Loss: 0.9413, F1: 0.7264
2025-05-30 20:34:39,412 [INFO] New best model saved: checkpoints/model_A_cycle_1_epoch_3_loss_0.960_f1_0.728.pth
2025-05-30 20:34:39,412 [INFO] Best validation metrics - Loss: 0.9605, F1: 0.7276
2025-05-30 20:34:39,412 [INFO] Warm-up epochs finished
2025-05-30 20:35:17,212 [INFO] Cycle 1, Epoch 10, LR 5.000e-05, Train Loss: 1.0596, Val Loss: 1.0112, Val F1: 0.7171
2025-05-30 20:36:20,391 [INFO] Cycle 1, Epoch 20, LR 5.000e-05, Train Loss: 1.0193, Val Loss: 1.0538, Val F1: 0.7093
2025-05-30 20:36:26,717 [INFO] Reloading best model: checkpoints/model_A_cycle_1_epoch_3_loss_0.960_f1_0.728.pth
2025-05-30 20:36:52,123 [INFO] Early stopping triggered at epoch 24
2025-05-30 20:36:52,123 [INFO] Cycle 1 completed:
2025-05-30 20:36:52,123 [INFO] - Final validation loss: 0.9605
2025-05-30 20:36:52,123 [INFO] - Final F1 score: 0.7276
2025-05-30 20:36:52,123 [INFO] 
Starting cycle 2 with seed 2
2025-05-30 20:37:16,593 [INFO] 
Starting training cycle 2
2025-05-30 20:37:16,658 [INFO] Loaded pretrained model: checkpoints/model_ABCD_cycle_2_epoch_919_loss_0.697_f1_0.764.pth
2025-05-30 20:37:23,359 [INFO] New best model saved: checkpoints/model_A_cycle_2_epoch_0_loss_0.964_f1_0.720.pth
2025-05-30 20:37:23,359 [INFO] Best validation metrics - Loss: 0.9642, F1: 0.7205
2025-05-30 20:37:29,908 [INFO] New best model saved: checkpoints/model_A_cycle_2_epoch_1_loss_0.950_f1_0.724.pth
2025-05-30 20:37:29,909 [INFO] Best validation metrics - Loss: 0.9504, F1: 0.7237
2025-05-30 20:37:36,446 [INFO] New best model saved: checkpoints/model_A_cycle_2_epoch_2_loss_0.946_f1_0.730.pth
2025-05-30 20:37:36,446 [INFO] Best validation metrics - Loss: 0.9464, F1: 0.7303
2025-05-30 20:37:42,997 [INFO] New best model saved: checkpoints/model_A_cycle_2_epoch_3_loss_0.957_f1_0.732.pth
2025-05-30 20:37:42,998 [INFO] Best validation metrics - Loss: 0.9572, F1: 0.7323
2025-05-30 20:37:42,998 [INFO] Warm-up epochs finished
2025-05-30 20:38:22,259 [INFO] Cycle 2, Epoch 10, LR 5.000e-05, Train Loss: 1.0417, Val Loss: 1.0323, Val F1: 0.7089
2025-05-30 20:39:27,735 [INFO] Cycle 2, Epoch 20, LR 5.000e-05, Train Loss: 1.0050, Val Loss: 1.0242, Val F1: 0.7177
2025-05-30 20:39:34,324 [INFO] Reloading best model: checkpoints/model_A_cycle_2_epoch_3_loss_0.957_f1_0.732.pth
2025-05-30 20:40:00,514 [INFO] Early stopping triggered at epoch 24
2025-05-30 20:40:00,514 [INFO] Cycle 2 completed:
2025-05-30 20:40:00,514 [INFO] - Final validation loss: 0.9572
2025-05-30 20:40:00,514 [INFO] - Final F1 score: 0.7323
2025-05-30 20:40:00,514 [INFO] 
Starting cycle 3 with seed 3
2025-05-30 20:40:23,489 [INFO] 
Starting training cycle 3
2025-05-30 20:40:23,510 [INFO] Loaded pretrained model: checkpoints/model_ABCD_cycle_3_epoch_999_loss_0.677_f1_0.772.pth
2025-05-30 20:40:29,985 [INFO] New best model saved: checkpoints/model_A_cycle_3_epoch_0_loss_0.913_f1_0.737.pth
2025-05-30 20:40:29,985 [INFO] Best validation metrics - Loss: 0.9130, F1: 0.7372
2025-05-30 20:40:42,943 [INFO] New best model saved: checkpoints/model_A_cycle_3_epoch_2_loss_0.914_f1_0.739.pth
2025-05-30 20:40:42,943 [INFO] Best validation metrics - Loss: 0.9136, F1: 0.7393
2025-05-30 20:40:49,418 [INFO] Warm-up epochs finished
2025-05-30 20:41:28,275 [INFO] Cycle 3, Epoch 10, LR 5.000e-05, Train Loss: 1.0243, Val Loss: 1.0090, Val F1: 0.7199
2025-05-30 20:42:33,054 [INFO] Cycle 3, Epoch 20, LR 3.500e-05, Train Loss: 0.9644, Val Loss: 0.9808, Val F1: 0.7298
2025-05-30 20:42:39,547 [INFO] Reloading best model: checkpoints/model_A_cycle_3_epoch_2_loss_0.914_f1_0.739.pth
2025-05-30 20:42:58,981 [INFO] Early stopping triggered at epoch 23
2025-05-30 20:42:58,981 [INFO] Cycle 3 completed:
2025-05-30 20:42:58,988 [INFO] - Final validation loss: 0.9136
2025-05-30 20:42:58,989 [INFO] - Final F1 score: 0.7393
2025-05-30 20:42:58,989 [INFO] 
Starting cycle 4 with seed 4
2025-05-30 20:43:21,958 [INFO] 
Starting training cycle 4
2025-05-30 20:43:22,024 [INFO] Loaded pretrained model: checkpoints/model_ABCD_cycle_1_epoch_780_loss_0.713_f1_0.756.pth
2025-05-30 20:43:28,623 [INFO] New best model saved: checkpoints/model_A_cycle_4_epoch_0_loss_0.955_f1_0.716.pth
2025-05-30 20:43:28,623 [INFO] Best validation metrics - Loss: 0.9553, F1: 0.7155
2025-05-30 20:43:35,188 [INFO] New best model saved: checkpoints/model_A_cycle_4_epoch_1_loss_0.938_f1_0.726.pth
2025-05-30 20:43:35,188 [INFO] Best validation metrics - Loss: 0.9380, F1: 0.7260
2025-05-30 20:43:41,762 [INFO] New best model saved: checkpoints/model_A_cycle_4_epoch_2_loss_0.934_f1_0.726.pth
2025-05-30 20:43:41,762 [INFO] Best validation metrics - Loss: 0.9336, F1: 0.7262
2025-05-30 20:43:48,369 [INFO] Warm-up epochs finished
2025-05-30 20:44:27,704 [INFO] Cycle 4, Epoch 10, LR 5.000e-05, Train Loss: 1.0468, Val Loss: 1.0564, Val F1: 0.6959
2025-05-30 20:45:33,346 [INFO] Cycle 4, Epoch 20, LR 5.000e-05, Train Loss: 1.0140, Val Loss: 1.0384, Val F1: 0.6978
2025-05-30 20:45:39,938 [INFO] Reloading best model: checkpoints/model_A_cycle_4_epoch_2_loss_0.934_f1_0.726.pth
2025-05-30 20:45:59,652 [INFO] Early stopping triggered at epoch 23
2025-05-30 20:45:59,653 [INFO] Cycle 4 completed:
2025-05-30 20:45:59,653 [INFO] - Final validation loss: 0.9336
2025-05-30 20:45:59,653 [INFO] - Final F1 score: 0.7262
2025-05-30 20:45:59,653 [INFO] 
Starting cycle 5 with seed 5
2025-05-30 20:46:22,684 [INFO] 
Starting training cycle 5
2025-05-30 20:46:22,707 [INFO] Loaded pretrained model: checkpoints/model_ABCD_cycle_2_epoch_919_loss_0.697_f1_0.764.pth
2025-05-30 20:46:29,210 [INFO] New best model saved: checkpoints/model_A_cycle_5_epoch_0_loss_0.930_f1_0.726.pth
2025-05-30 20:46:29,210 [INFO] Best validation metrics - Loss: 0.9298, F1: 0.7262
2025-05-30 20:46:35,739 [INFO] New best model saved: checkpoints/model_A_cycle_5_epoch_1_loss_0.915_f1_0.735.pth
2025-05-30 20:46:35,739 [INFO] Best validation metrics - Loss: 0.9147, F1: 0.7354
2025-05-30 20:46:48,747 [INFO] Warm-up epochs finished
2025-05-30 20:47:27,815 [INFO] Cycle 5, Epoch 10, LR 5.000e-05, Train Loss: 1.0585, Val Loss: 0.9839, Val F1: 0.7193
2025-05-30 20:48:32,936 [INFO] Cycle 5, Epoch 20, LR 5.000e-05, Train Loss: 1.0126, Val Loss: 0.9575, Val F1: 0.7274
2025-05-30 20:48:39,474 [INFO] Reloading best model: checkpoints/model_A_cycle_5_epoch_1_loss_0.915_f1_0.735.pth
2025-05-30 20:48:52,518 [INFO] Early stopping triggered at epoch 22
2025-05-30 20:48:52,518 [INFO] Cycle 5 completed:
2025-05-30 20:48:52,519 [INFO] - Final validation loss: 0.9147
2025-05-30 20:48:52,519 [INFO] - Final F1 score: 0.7354
2025-05-30 20:48:52,519 [INFO] Saved paths of the best models to model_paths_A.txt
