2025-05-31 18:04:10,431 [INFO] Loaded 5 models from model_paths_B.txt
2025-05-31 18:04:10,431 [INFO] Generating predictions for ./datasets/B/test.json.gz
2025-05-31 18:04:23,263 [INFO] Model weights for ensemble:
2025-05-31 18:04:23,263 [INFO] Model: model_B_cycle_1_epoch_14_loss_2.403_f1_0.553.pth
2025-05-31 18:04:23,263 [INFO] - Loss: 0.5525
2025-05-31 18:04:23,263 [INFO] - Weight: 0.1947
2025-05-31 18:04:23,263 [INFO] Model: model_B_cycle_2_epoch_24_loss_2.434_f1_0.576.pth
2025-05-31 18:04:23,263 [INFO] - Loss: 0.5765
2025-05-31 18:04:23,263 [INFO] - Weight: 0.1994
2025-05-31 18:04:23,263 [INFO] Model: model_B_cycle_3_epoch_13_loss_3.921_f1_0.585.pth
2025-05-31 18:04:23,263 [INFO] - Loss: 0.5854
2025-05-31 18:04:23,263 [INFO] - Weight: 0.2012
2025-05-31 18:04:23,263 [INFO] Model: model_B_cycle_4_epoch_5_loss_3.855_f1_0.580.pth
2025-05-31 18:04:23,263 [INFO] - Loss: 0.5803
2025-05-31 18:04:23,263 [INFO] - Weight: 0.2002
2025-05-31 18:04:23,263 [INFO] Model: model_B_cycle_5_epoch_26_loss_2.403_f1_0.602.pth
2025-05-31 18:04:23,263 [INFO] - Loss: 0.6016
2025-05-31 18:04:23,263 [INFO] - Weight: 0.2045
2025-05-31 18:04:23,265 [INFO] 
Ensemble prediction statistics:
2025-05-31 18:04:23,265 [INFO] Class 0: 227 samples
2025-05-31 18:04:23,265 [INFO] Class 1: 327 samples
2025-05-31 18:04:23,265 [INFO] Class 2: 61 samples
2025-05-31 18:04:23,265 [INFO] Class 3: 211 samples
2025-05-31 18:04:23,265 [INFO] Class 4: 676 samples
2025-05-31 18:04:23,265 [INFO] Class 5: 58 samples
2025-05-31 18:04:23,265 [INFO] Average confidence: 0.9667
2025-05-31 18:04:23,265 [INFO] Min confidence: 0.3996
2025-05-31 18:04:23,265 [INFO] Max confidence: 1.0000
2025-05-31 18:04:23,278 [INFO] Saved predictions to submission/testset_B.csv
